2026/04/07 16:27:09 Node 2 starting...
2026/04/07 16:27:09 RaftAddr: 127.0.0.1:8002
2026/04/07 16:27:09 Peers: [127.0.0.1:8001 127.0.0.1:8002 127.0.0.1:8003]
2026/04/07 16:27:09 [2] start election at term 1, voted for self
2026/04/07 16:27:09 success: 投出同意票给节点2
2026/04/07 16:27:09 [2] state is not candidate, abandon election
2026/04/07 16:27:09 [2] state is not candidate, abandon election
2026/04/07 16:27:09 success: 投出反对票给节点3
2026/04/07 16:27:10 [2] start election at term 2, voted for self
2026/04/07 16:27:10 success: 投出同意票给节点2
2026/04/07 16:27:10 [2] state is not candidate, abandon election
2026/04/07 16:27:10 [2] state is not candidate, abandon election
2026/04/07 16:27:10 success: 投出同意票给节点3
2026/04/07 16:27:10 success: 投出同意票给节点3
2026/04/07 16:27:11 success: 投出同意票给节点3
2026/04/07 16:27:11 [2] start election at term 6, voted for self
2026/04/07 16:27:11 success: 投出同意票给节点2
2026/04/07 16:27:11 [2] state is not candidate, abandon election
2026/04/07 16:27:11 [2] state is not candidate, abandon election
2026/04/07 16:27:11 success: 投出同意票给节点3
2026/04/07 16:27:12 [2] start election at term 8, voted for self
2026/04/07 16:27:12 success: 投出同意票给节点2
2026/04/07 16:27:12 [2] state is not candidate, abandon election
2026/04/07 16:27:12 [2] state is not candidate, abandon election
2026/04/07 16:27:12 success: 投出同意票给节点3
Node 2 is not the leader
2026/04/07 16:27:13 [2] start election at term 10, voted for self
2026/04/07 16:27:13 success: 投出同意票给节点2
2026/04/07 16:27:13 [2] state is not candidate, abandon election
2026/04/07 16:27:13 [2] state is not candidate, abandon election
2026/04/07 16:27:13 [2] start election at term 11, voted for self
2026/04/07 16:27:13 success: 投出同意票给节点2
2026/04/07 16:27:13 [2] state is not candidate, abandon election
2026/04/07 16:27:13 [2] state is not candidate, abandon election
2026/04/07 16:27:13 success: 投出反对票给节点3
2026/04/07 16:27:14 [2] start election at term 12, voted for self
2026/04/07 16:27:14 success: 投出同意票给节点2
2026/04/07 16:27:14 [2] state is not candidate, abandon election
2026/04/07 16:27:14 [2] state is not candidate, abandon election
2026/04/07 16:27:14 success: 投出反对票给节点3
2026/04/07 16:27:14 [2] start election at term 13, voted for self
2026/04/07 16:27:14 success: 投出同意票给节点2
2026/04/07 16:27:14 [2] state is not candidate, abandon election
2026/04/07 16:27:14 [2] state is not candidate, abandon election
2026/04/07 16:27:14 [2] start election at term 14, voted for self
2026/04/07 16:27:14 success: 投出同意票给节点2
2026/04/07 16:27:14 [2] state is not candidate, abandon election
2026/04/07 16:27:14 [2] state is not candidate, abandon election
2026/04/07 16:27:15 success: 投出反对票给节点3
